{"/Users/richardbrash/Develop/brash-code-challenge/dist/services/unit-convert/providers/DummyProvider.js": {"path":"/Users/richardbrash/Develop/brash-code-challenge/dist/services/unit-convert/providers/DummyProvider.js","statementMap":{"0":{"start":{"line":2,"column":0},"end":{"line":2,"column":62}},"1":{"start":{"line":3,"column":0},"end":{"line":5,"column":2}},"2":{"start":{"line":4,"column":4},"end":{"line":4,"column":50}}},"fnMap":{"0":{"name":"(anonymous_0)","decl":{"start":{"line":3,"column":21},"end":{"line":3,"column":22}},"loc":{"start":{"line":3,"column":32},"end":{"line":5,"column":1}},"line":3}},"branchMap":{},"s":{"0":1,"1":1,"2":1},"f":{"0":1},"b":{},"_coverageSchema":"1a1c01bbd47fc00a2c39e90264f33305004495a9","hash":"c7f5596c33b0e48e8a3d8bda27d637d09b5fa8ff"}
,"/Users/richardbrash/Develop/brash-code-challenge/src/services/unit-convert/providers/dummyProvider.ts": {"path":"/Users/richardbrash/Develop/brash-code-challenge/src/services/unit-convert/providers/dummyProvider.ts","statementMap":{"0":{"start":{"line":2,"column":13},"end":{"line":4,"column":2}},"1":{"start":{"line":3,"column":2},"end":{"line":3,"column":48}}},"fnMap":{"0":{"name":"(anonymous_0)","decl":{"start":{"line":2,"column":26},"end":{"line":2,"column":27}},"loc":{"start":{"line":2,"column":44},"end":{"line":4,"column":1}}}},"branchMap":{},"s":{"0":1,"1":1},"f":{"0":1},"b":{}}
}
